<?xml version="1.0" encoding="UTF-8"?>
<!-- Generated by org.testng.reporters.JUnitReportReporter -->
<testsuite hostname="Nitisha-Laptop" failures="0" tests="1" name="TestCases.TestCase2" time="8.728" errors="0" timestamp="2024-03-12T18:14:21 IST" skipped="0">
  <testcase classname="TestCases.TestCase2" name="TC" time="8.728"/>
</testsuite> <!-- TestCases.TestCase2 -->
