<?xml version="1.0" encoding="UTF-8"?>
<!-- Generated by org.testng.reporters.JUnitReportReporter -->
<testsuite hostname="Nitisha-Laptop" failures="0" tests="1" name="TestCase2" time="5.200" errors="0" timestamp="2024-02-16T17:36:00 IST" skipped="0">
  <testcase classname="TestCase2" name="TC" time="5.200"/>
</testsuite> <!-- TestCase2 -->
