<?xml version="1.0" encoding="UTF-8"?>
<!-- Generated by org.testng.reporters.JUnitReportReporter -->
<testsuite hostname="Nitisha-Laptop" failures="0" tests="1" name="MainTestCases.Method_RRFCreation$TestCase1" time="18.982" errors="0" timestamp="2024-09-06T10:17:18 IST" skipped="0">
  <testcase classname="MainTestCases.Method_RRFCreation$TestCase1" name="TC" time="18.982"/>
</testsuite> <!-- MainTestCases.Method_RRFCreation$TestCase1 -->
