<?xml version="1.0" encoding="UTF-8"?>
<!-- Generated by org.testng.reporters.JUnitReportReporter -->
<testsuite hostname="Nitisha-Laptop" failures="0" tests="1" name="MainTestCases.TestCase1" time="35.220" errors="0" timestamp="2024-09-19T10:56:00 IST" skipped="0">
  <testcase classname="MainTestCases.TestCase1" name="TC" time="35.220"/>
</testsuite> <!-- MainTestCases.TestCase1 -->
