<?xml version="1.0" encoding="UTF-8"?>
<!-- Generated by org.testng.reporters.JUnitReportReporter -->
<testsuite hostname="Nitisha-Laptop" failures="0" tests="1" name="MainTestCases.customer_Login" time="15.561" errors="0" timestamp="2024-09-03T16:09:17 IST" skipped="0">
  <testcase classname="MainTestCases.customer_Login" name="TC" time="15.561"/>
</testsuite> <!-- MainTestCases.customer_Login -->
