<?xml version="1.0" encoding="UTF-8"?>
<!-- Generated by org.testng.reporters.JUnitReportReporter -->
<testsuite hostname="Nitisha-Laptop" failures="0" tests="1" name="TestCase1" time="11.798" errors="0" timestamp="2024-02-16T17:24:48 IST" skipped="0">
  <testcase classname="TestCase1" name="TC" time="11.798"/>
</testsuite> <!-- TestCase1 -->
