<?xml version="1.0" encoding="UTF-8"?>
<!-- Generated by org.testng.reporters.JUnitReportReporter -->
<testsuite hostname="Nitisha-Laptop" failures="0" tests="1" name="TestCases.TestCase1" time="11.582" errors="0" timestamp="2024-03-16T21:02:17 IST" skipped="0">
  <testcase classname="TestCases.TestCase1" name="TC" time="11.582"/>
</testsuite> <!-- TestCases.TestCase1 -->
